<?xml version="1.0" encoding="UTF-8"?>
<!-- Generated by org.testng.reporters.JUnitReportReporter -->
<testsuite hostname="MariaG" failures="0" tests="1" name="Testing.Register" time="5.873" errors="0" timestamp="2022-09-07T17:28:38 EDT" skipped="0">
  <testcase classname="Testing.Register" name="RegisterButton" time="5.873"/>
  <system-out/>
</testsuite> <!-- Testing.Register -->
