<?xml version="1.0" encoding="UTF-8"?>
<!-- Generated by org.testng.reporters.JUnitReportReporter -->
<testsuite hostname="MariaG" failures="0" tests="1" name="Testing.Register" time="4.415" errors="0" timestamp="2022-09-06T18:37:33 EDT" skipped="0">
  <testcase classname="Testing.Register" name="RegisterButton" time="4.415"/>
  <system-out/>
</testsuite> <!-- Testing.Register -->
